Bitacora para el tercer grupo del grupo 5 de IC.

Las personas que forman este grupo son:
Jaime Morales Vaello - 
Ivan López Sanchís - 
Joan Climent Quiñones - 
Adrián Ríos Armero - 
Antonio Guilló Oliver -

Día 1 de prácticas - 11/09/2023

Adrián Ríos: Creación del repositorio, y del correcto funcionamiento de este, busqueda de los datos para la creación del histograma en Alemania
Busqueda de algunos puestos de trabajo
Jaime Morales: Busqueda para ampliar la lista de palabras clave que utilizaremos en el histograma
y la busqueda de puestos de trabajo, investigación, becas..., creación de las gráficas
Joan Climent: Busqueda de los datos para el histograma en Reino Unido, investigación y becas y busqueda de los salarios.
Ivan López: Busqueda de los datos para la creación del histograma en España y EEUU, busqueda de puestos de trabajo

Dia 2 - 12/09/2023

Jaime Morales: Finalizados los histogramas de las palabras clave.
Ivan Lopéz, Joan Climent y Adrián Ríos: Busqueda de puestos de trabajo.

Dia 3 - 13/09/2023
joan Climent: Comienzo de la segunda parte de la práctica (Propuesta de trabajo).

Dia 4 - 14/09/2023
Joan Climent e Ivan López: Busqueda de puestos de trabajo.

Día 5 - 18/19/2023 
Jaime Morales: Creación de la memoria, junto con el desarrollo de la parte de los histogramas.
Ivan López: Añadidos los puestos que faltaban y un resumen de las características de algunos.
Joan Climent: Busqueda de los salarios de los puestos de trabajo y busqueda en amazon jobs y google jobs de las palabras clave para ampliar los datos que hay en los histogramas
Antonio Guilló: Continuación con el resumen de las características de los puestos de trabajo.
Adrián Ríos: Ampliación de la bitacora y borrador de la tarea 3, 


