PRACTICA 2 - ESTUDIO Y PROPUESTA DE LA PARALELIZACIÓON DE UNA APLICACIÓN

GRUPO 07:
- Jaime Morales Vaello
- Adrián Ríos Armero
- Iván López Sanchís
- Joan Climent Quiñones

Dia 1 - 2 de octubre de 2023

- Creación de la bitácora de la práctica 2.
- Elección del tema a paralelizar: INTERPOLACIÓN SPLINES CÚBICOS.

Dia 2 - 16 octubre de 2023

- Iniciada la memoria e introducida la tarea 4.

Dia 3 - 23 octubre de 2023

- Introducida la tarea 1 a la memoria.
- Añadido formato a la memoria.

Dia 4 - 27 octubre de 2023

- Colección e investigación del código fuente del nuevo tema.
- Tarea 2.1 "Grafos" introducida en la memoria.
- Tarea 1 cambiada en la memoria.

Dia 5 - 28 octubre de 2023

- Tarea 2 completamente finaliza e introducida en la memoria.

Dia 6 - 29 octubre de 2023

- Presentación y memoria terminada.
- Entrega de la práctica.



